2025-07-15 19:29:40,052 - INFO - Browser initialized with existing profile
2025-07-15 19:29:40,052 - INFO - 
================================================================================
2025-07-15 19:29:40,052 - INFO - Processing signup 1/1
2025-07-15 19:29:40,052 - INFO - ================================================================================
2025-07-15 19:29:40,053 - INFO - Starting Workday signup automation for: https://horizonmedia.wd1.myworkdayjobs.com/CareerOpportunities/job/New-York-New-York/Data-Engineer-II_R0016008?sid=16&source=Linkedin
2025-07-15 19:29:40,175 - INFO - Navigating to: https://horizonmedia.wd1.myworkdayjobs.com/CareerOpportunities/job/New-York-New-York/Data-Engineer-II_R0016008?sid=16&source=Linkedin
2025-07-15 19:29:43,682 - INFO - Looking for 'Apply Now' button...
2025-07-15 19:29:43,700 - WARNING - ❌ Could not find 'Apply Now' button
2025-07-15 19:29:43,700 - ERROR - Failed to click 'Apply Now' button
2025-07-15 19:29:43,700 - INFO - Signup complete - page ready for application automation
2025-07-15 19:29:43,700 - ERROR - ❌ Signup failed for job 1
2025-07-15 19:29:43,700 - INFO - 
================================================================================
2025-07-15 19:29:43,700 - INFO - 🎉 SIGNUP AUTOMATION COMPLETE
2025-07-15 19:29:43,700 - INFO - ================================================================================
2025-07-15 19:29:43,700 - INFO - Total jobs: 1
2025-07-15 19:29:43,700 - INFO - Successful signups: 0
2025-07-15 19:29:43,700 - INFO - Failed signups: 1
2025-07-15 19:29:43,700 - INFO - Success rate: 0.0%
2025-07-15 19:29:43,700 - INFO - ================================================================================
2025-07-15 19:29:43,700 - INFO - Browser kept open for manual review or further automation
2025-07-15 19:30:14,168 - INFO - Browser initialized with existing profile
2025-07-15 19:30:14,169 - INFO - 
================================================================================
2025-07-15 19:30:14,169 - INFO - Processing signup 1/1
2025-07-15 19:30:14,169 - INFO - ================================================================================
2025-07-15 19:30:14,169 - INFO - Starting Workday signup automation for: https://horizonmedia.wd1.myworkdayjobs.com/CareerOpportunities/job/New-York-New-York/Data-Engineer-II_R0016008?sid=16&source=Linkedin
2025-07-15 19:30:14,295 - INFO - Navigating to: https://horizonmedia.wd1.myworkdayjobs.com/CareerOpportunities/job/New-York-New-York/Data-Engineer-II_R0016008?sid=16&source=Linkedin
2025-07-15 19:30:17,846 - INFO - Looking for 'Apply Now' button...
2025-07-15 19:30:17,863 - WARNING - ❌ Could not find 'Apply Now' button
2025-07-15 19:30:17,863 - ERROR - Failed to click 'Apply Now' button
2025-07-15 19:30:17,863 - INFO - Signup complete - page ready for application automation
2025-07-15 19:30:17,863 - ERROR - ❌ Signup failed for job 1
2025-07-15 19:30:17,863 - INFO - 
================================================================================
2025-07-15 19:30:17,863 - INFO - 🎉 SIGNUP AUTOMATION COMPLETE
2025-07-15 19:30:17,863 - INFO - ================================================================================
2025-07-15 19:30:17,863 - INFO - Total jobs: 1
2025-07-15 19:30:17,863 - INFO - Successful signups: 0
2025-07-15 19:30:17,863 - INFO - Failed signups: 1
2025-07-15 19:30:17,863 - INFO - Success rate: 0.0%
2025-07-15 19:30:17,863 - INFO - ================================================================================
2025-07-15 19:30:17,863 - INFO - Browser kept open for manual review or further automation
2025-07-15 19:33:18,623 - INFO - Browser initialized with existing profile
2025-07-15 19:33:18,624 - INFO - 
================================================================================
2025-07-15 19:33:18,624 - INFO - Processing signup 1/1
2025-07-15 19:33:18,624 - INFO - ================================================================================
2025-07-15 19:33:18,624 - INFO - Starting Workday signup automation for: https://horizonmedia.wd1.myworkdayjobs.com/CareerOpportunities/job/New-York-New-York/Data-Engineer-II_R0016008?sid=16&source=Linkedin
2025-07-15 19:33:18,727 - INFO - Navigating to: https://horizonmedia.wd1.myworkdayjobs.com/CareerOpportunities/job/New-York-New-York/Data-Engineer-II_R0016008?sid=16&source=Linkedin
2025-07-15 19:33:22,222 - INFO - Looking for 'Apply Now' button...
2025-07-15 19:33:22,253 - INFO - Found 'Apply Now' button: a:has-text("Apply")
2025-07-15 19:33:22,900 - INFO - ✅ 'Apply Now' button clicked!
2025-07-15 19:33:24,928 - INFO - ✅ Already signed in - past signup page
2025-07-15 19:33:24,929 - INFO - ✅ Already signed in after Apply Now - ready for application!
2025-07-15 19:33:24,929 - INFO - Signup complete - page ready for application automation
2025-07-15 19:33:24,930 - INFO - ✅ Signup successful for job 1
2025-07-15 19:33:24,930 - INFO - 
================================================================================
2025-07-15 19:33:24,930 - INFO - 🎉 SIGNUP AUTOMATION COMPLETE
2025-07-15 19:33:24,930 - INFO - ================================================================================
2025-07-15 19:33:24,930 - INFO - Total jobs: 1
2025-07-15 19:33:24,930 - INFO - Successful signups: 1
2025-07-15 19:33:24,930 - INFO - Failed signups: 0
2025-07-15 19:33:24,930 - INFO - Success rate: 100.0%
2025-07-15 19:33:24,930 - INFO - ================================================================================
2025-07-15 19:33:24,930 - INFO - Browser kept open for manual review or further automation
2025-07-15 19:45:37,191 - INFO - Browser initialized with existing profile
2025-07-15 19:45:37,192 - INFO - 
================================================================================
2025-07-15 19:45:37,192 - INFO - Processing signup 1/1
2025-07-15 19:45:37,192 - INFO - ================================================================================
2025-07-15 19:45:37,192 - INFO - Starting Workday signup automation for: https://horizonmedia.wd1.myworkdayjobs.com/CareerOpportunities/job/New-York-New-York/Data-Engineer-II_R0016008?sid=16&source=Linkedin
2025-07-15 19:45:37,274 - INFO - Navigating to: https://horizonmedia.wd1.myworkdayjobs.com/CareerOpportunities/job/New-York-New-York/Data-Engineer-II_R0016008?sid=16&source=Linkedin
2025-07-15 19:45:40,762 - INFO - Looking for 'Apply Now' button...
2025-07-15 19:45:40,789 - INFO - Found 'Apply Now' button: a:has-text("Apply")
2025-07-15 19:45:41,421 - INFO - ✅ 'Apply Now' button clicked!
2025-07-15 19:45:44,442 - WARNING - ⚠️ 'Apply Manually' button not found – modal skipped
2025-07-15 19:45:44,461 - INFO - ✅ Already signed in - past signup page
2025-07-15 19:45:44,461 - INFO - ✅ Already signed in after Apply Now - ready for application!
2025-07-15 19:45:44,461 - INFO - Signup complete - page ready for application automation
2025-07-15 19:45:44,461 - INFO - ✅ Signup successful for job 1
2025-07-15 19:45:44,461 - INFO - 
================================================================================
2025-07-15 19:45:44,461 - INFO - 🎉 SIGNUP AUTOMATION COMPLETE
2025-07-15 19:45:44,461 - INFO - ================================================================================
2025-07-15 19:45:44,461 - INFO - Total jobs: 1
2025-07-15 19:45:44,461 - INFO - Successful signups: 1
2025-07-15 19:45:44,461 - INFO - Failed signups: 0
2025-07-15 19:45:44,462 - INFO - Success rate: 100.0%
2025-07-15 19:45:44,462 - INFO - ================================================================================
2025-07-15 19:45:44,462 - INFO - Browser kept open for manual review or further automation
2025-07-15 19:46:04,930 - INFO - Browser initialized with existing profile
2025-07-15 19:46:04,930 - INFO - 
================================================================================
2025-07-15 19:46:04,930 - INFO - Processing signup 1/1
2025-07-15 19:46:04,930 - INFO - ================================================================================
2025-07-15 19:46:04,930 - INFO - Starting Workday signup automation for: https://horizonmedia.wd1.myworkdayjobs.com/CareerOpportunities/job/New-York-New-York/Data-Engineer-II_R0016008?sid=16&source=Linkedin
2025-07-15 19:46:05,028 - INFO - Navigating to: https://horizonmedia.wd1.myworkdayjobs.com/CareerOpportunities/job/New-York-New-York/Data-Engineer-II_R0016008?sid=16&source=Linkedin
2025-07-15 19:46:08,663 - INFO - Looking for 'Apply Now' button...
2025-07-15 19:46:08,691 - INFO - Found 'Apply Now' button: a:has-text("Apply")
2025-07-15 19:46:09,346 - INFO - ✅ 'Apply Now' button clicked!
2025-07-15 19:46:12,372 - WARNING - ⚠️ 'Apply Manually' button not found – modal skipped
2025-07-15 19:46:12,384 - INFO - ✅ Already signed in - past signup page
2025-07-15 19:46:12,384 - INFO - ✅ Already signed in after Apply Now - ready for application!
2025-07-15 19:46:12,384 - INFO - Signup complete - page ready for application automation
2025-07-15 19:46:12,384 - INFO - ✅ Signup successful for job 1
2025-07-15 19:46:12,384 - INFO - 
================================================================================
2025-07-15 19:46:12,384 - INFO - 🎉 SIGNUP AUTOMATION COMPLETE
2025-07-15 19:46:12,384 - INFO - ================================================================================
2025-07-15 19:46:12,384 - INFO - Total jobs: 1
2025-07-15 19:46:12,384 - INFO - Successful signups: 1
2025-07-15 19:46:12,384 - INFO - Failed signups: 0
2025-07-15 19:46:12,385 - INFO - Success rate: 100.0%
2025-07-15 19:46:12,385 - INFO - ================================================================================
2025-07-15 19:46:12,385 - INFO - Browser kept open for manual review or further automation
2025-07-15 19:48:37,347 - INFO - Browser initialized with existing profile
2025-07-15 19:48:37,347 - INFO - 
================================================================================
2025-07-15 19:48:37,347 - INFO - Processing signup 1/1
2025-07-15 19:48:37,347 - INFO - ================================================================================
2025-07-15 19:48:37,347 - INFO - Starting Workday signup automation for: https://horizonmedia.wd1.myworkdayjobs.com/CareerOpportunities/job/New-York-New-York/Data-Engineer-II_R0016008?sid=16&source=Linkedin
2025-07-15 19:48:37,457 - INFO - Navigating to: https://horizonmedia.wd1.myworkdayjobs.com/CareerOpportunities/job/New-York-New-York/Data-Engineer-II_R0016008?sid=16&source=Linkedin
2025-07-15 19:48:41,061 - INFO - Looking for 'Apply Now' button...
2025-07-15 19:48:41,094 - INFO - Found 'Apply Now' button: a:has-text("Apply")
2025-07-15 19:48:41,746 - INFO - ✅ 'Apply Now' button clicked!
2025-07-15 19:48:45,668 - INFO - ✅ Clicked 'Apply Manually' on Workday modal
2025-07-15 19:48:47,688 - INFO - Filling signup form...
2025-07-15 19:48:47,688 - INFO - Filling email field...
2025-07-15 19:48:47,700 - WARNING - ❌ Could not find email field
2025-07-15 19:48:47,700 - ERROR - Failed to fill email field
2025-07-15 19:48:47,700 - ERROR - Failed to complete signup form
2025-07-15 19:48:47,700 - INFO - Signup complete - page ready for application automation
2025-07-15 19:48:47,700 - ERROR - ❌ Signup failed for job 1
2025-07-15 19:48:47,700 - INFO - 
================================================================================
2025-07-15 19:48:47,700 - INFO - 🎉 SIGNUP AUTOMATION COMPLETE
2025-07-15 19:48:47,700 - INFO - ================================================================================
2025-07-15 19:48:47,700 - INFO - Total jobs: 1
2025-07-15 19:48:47,700 - INFO - Successful signups: 0
2025-07-15 19:48:47,700 - INFO - Failed signups: 1
2025-07-15 19:48:47,700 - INFO - Success rate: 0.0%
2025-07-15 19:48:47,700 - INFO - ================================================================================
2025-07-15 19:48:47,700 - INFO - Browser kept open for manual review or further automation
2025-07-15 19:51:20,489 - INFO - Browser initialized with existing profile
2025-07-15 19:51:20,490 - INFO - 
================================================================================
2025-07-15 19:51:20,490 - INFO - Processing signup 1/1
2025-07-15 19:51:20,490 - INFO - ================================================================================
2025-07-15 19:51:20,490 - INFO - Starting Workday signup automation for: https://horizonmedia.wd1.myworkdayjobs.com/CareerOpportunities/job/New-York-New-York/Data-Engineer-II_R0016008?sid=16&source=Linkedin
2025-07-15 19:51:20,597 - INFO - Navigating to: https://horizonmedia.wd1.myworkdayjobs.com/CareerOpportunities/job/New-York-New-York/Data-Engineer-II_R0016008?sid=16&source=Linkedin
2025-07-15 19:51:24,039 - INFO - Looking for 'Apply Now' button...
2025-07-15 19:51:24,062 - INFO - Found 'Apply Now' button: a:has-text("Apply")
2025-07-15 19:51:24,686 - INFO - ✅ 'Apply Now' button clicked!
2025-07-15 19:51:28,100 - INFO - ✅ Clicked 'Apply Manually' on Workday modal
2025-07-15 19:51:30,124 - INFO - ✅ Already signed in - past signup page
2025-07-15 19:51:30,124 - INFO - ✅ Already signed in after Apply Now - ready for application!
2025-07-15 19:51:30,125 - INFO - Signup complete - page ready for application automation
2025-07-15 19:51:30,125 - INFO - ✅ Signup successful for job 1
2025-07-15 19:51:30,125 - INFO - 
================================================================================
2025-07-15 19:51:30,125 - INFO - 🎉 SIGNUP AUTOMATION COMPLETE
2025-07-15 19:51:30,125 - INFO - ================================================================================
2025-07-15 19:51:30,125 - INFO - Total jobs: 1
2025-07-15 19:51:30,125 - INFO - Successful signups: 1
2025-07-15 19:51:30,125 - INFO - Failed signups: 0
2025-07-15 19:51:30,125 - INFO - Success rate: 100.0%
2025-07-15 19:51:30,125 - INFO - ================================================================================
2025-07-15 19:51:30,125 - INFO - Browser kept open for manual review or further automation
2025-07-15 19:54:43,697 - INFO - Browser initialized with existing profile
2025-07-15 19:54:43,697 - INFO - 
================================================================================
2025-07-15 19:54:43,697 - INFO - Processing signup 1/1
2025-07-15 19:54:43,697 - INFO - ================================================================================
2025-07-15 19:54:43,697 - INFO - Starting Workday signup automation for: https://horizonmedia.wd1.myworkdayjobs.com/CareerOpportunities/job/New-York-New-York/Data-Engineer-II_R0016008?sid=16&source=Linkedin
2025-07-15 19:54:43,782 - INFO - Navigating to: https://horizonmedia.wd1.myworkdayjobs.com/CareerOpportunities/job/New-York-New-York/Data-Engineer-II_R0016008?sid=16&source=Linkedin
2025-07-15 19:54:47,254 - INFO - Looking for 'Apply Now' button...
2025-07-15 19:54:47,283 - INFO - Found 'Apply Now' button: a:has-text("Apply")
2025-07-15 19:54:47,944 - INFO - ✅ 'Apply Now' button clicked!
2025-07-15 19:54:51,330 - INFO - ✅ Clicked 'Apply Manually' on Workday modal
2025-07-15 19:54:59,339 - WARNING - ⚠️ Modal step skipped (not detected): Page.wait_for_selector: Timeout 8000ms exceeded.
Call log:
  - waiting for locator("input[type=\"email\"], input[name=\"email\"]") to be visible

2025-07-15 19:54:59,352 - INFO - ✅ Already signed in - past signup page
2025-07-15 19:54:59,352 - INFO - ✅ Already signed in after Apply Now - ready for application!
2025-07-15 19:54:59,352 - INFO - Signup complete - page ready for application automation
2025-07-15 19:54:59,352 - INFO - ✅ Signup successful for job 1
2025-07-15 19:54:59,353 - INFO - 
================================================================================
2025-07-15 19:54:59,353 - INFO - 🎉 SIGNUP AUTOMATION COMPLETE
2025-07-15 19:54:59,353 - INFO - ================================================================================
2025-07-15 19:54:59,353 - INFO - Total jobs: 1
2025-07-15 19:54:59,353 - INFO - Successful signups: 1
2025-07-15 19:54:59,354 - INFO - Failed signups: 0
2025-07-15 19:54:59,354 - INFO - Success rate: 100.0%
2025-07-15 19:54:59,354 - INFO - ================================================================================
2025-07-15 19:54:59,354 - INFO - Browser kept open for manual review or further automation
2025-07-15 20:03:08,804 - INFO - Browser initialized with existing profile
2025-07-15 20:03:08,805 - INFO - 
================================================================================
2025-07-15 20:03:08,805 - INFO - Processing signup 1/1
2025-07-15 20:03:08,805 - INFO - ================================================================================
2025-07-15 20:03:08,805 - INFO - Starting Workday signup automation for: https://horizonmedia.wd1.myworkdayjobs.com/CareerOpportunities/job/New-York-New-York/Data-Engineer-II_R0016008?sid=16&source=Linkedin
2025-07-15 20:03:08,895 - INFO - Navigating to: https://horizonmedia.wd1.myworkdayjobs.com/CareerOpportunities/job/New-York-New-York/Data-Engineer-II_R0016008?sid=16&source=Linkedin
2025-07-15 20:03:12,366 - INFO - Looking for 'Apply Now' button...
2025-07-15 20:03:12,395 - INFO - Found 'Apply Now' button: a:has-text("Apply")
2025-07-15 20:03:13,055 - INFO - ✅ 'Apply Now' button clicked!
2025-07-15 20:03:16,437 - INFO - ✅ Clicked 'Apply Manually' on Workday modal
2025-07-15 20:03:17,854 - INFO - ✅ Signup form detected
2025-07-15 20:03:17,862 - INFO - ✅ Already signed in - past signup page
2025-07-15 20:03:17,862 - INFO - ✅ Already signed in after Apply Now - ready for application!
2025-07-15 20:03:17,862 - INFO - Signup complete - page ready for application automation
2025-07-15 20:03:17,862 - INFO - ✅ Signup successful for job 1
2025-07-15 20:03:17,862 - INFO - 
================================================================================
2025-07-15 20:03:17,862 - INFO - 🎉 SIGNUP AUTOMATION COMPLETE
2025-07-15 20:03:17,862 - INFO - ================================================================================
2025-07-15 20:03:17,862 - INFO - Total jobs: 1
2025-07-15 20:03:17,862 - INFO - Successful signups: 1
2025-07-15 20:03:17,862 - INFO - Failed signups: 0
2025-07-15 20:03:17,862 - INFO - Success rate: 100.0%
2025-07-15 20:03:17,862 - INFO - ================================================================================
2025-07-15 20:03:17,862 - INFO - Browser kept open for manual review or further automation
2025-07-15 20:07:11,513 - INFO - Browser initialized with existing profile
2025-07-15 20:07:11,515 - INFO - 
================================================================================
2025-07-15 20:07:11,515 - INFO - Processing signup 1/1
2025-07-15 20:07:11,515 - INFO - ================================================================================
2025-07-15 20:07:11,515 - INFO - Starting Workday signup automation for: https://horizonmedia.wd1.myworkdayjobs.com/CareerOpportunities/job/New-York-New-York/Data-Engineer-II_R0016008?sid=16&source=Linkedin
2025-07-15 20:07:11,644 - INFO - Navigating to: https://horizonmedia.wd1.myworkdayjobs.com/CareerOpportunities/job/New-York-New-York/Data-Engineer-II_R0016008?sid=16&source=Linkedin
2025-07-15 20:07:15,645 - INFO - Looking for 'Apply Now' button...
2025-07-15 20:07:15,671 - INFO - Found 'Apply Now' button: a:has-text("Apply")
2025-07-15 20:07:16,326 - INFO - ✅ 'Apply Now' button clicked!
2025-07-15 20:07:19,767 - INFO - ✅ Clicked 'Apply Manually' on Workday modal
2025-07-15 20:07:21,218 - INFO - ✅ Signup form detected
2025-07-15 20:07:21,231 - INFO - ✅ Already signed in - past signup page
2025-07-15 20:07:21,231 - INFO - ✅ Already signed in after Apply Now - ready for application!
2025-07-15 20:07:21,231 - INFO - Signup complete - page ready for application automation
2025-07-15 20:07:21,231 - INFO - ✅ Signup successful for job 1
2025-07-15 20:07:21,231 - INFO - 
================================================================================
2025-07-15 20:07:21,231 - INFO - 🎉 SIGNUP AUTOMATION COMPLETE
2025-07-15 20:07:21,231 - INFO - ================================================================================
2025-07-15 20:07:21,231 - INFO - Total jobs: 1
2025-07-15 20:07:21,231 - INFO - Successful signups: 1
2025-07-15 20:07:21,231 - INFO - Failed signups: 0
2025-07-15 20:07:21,232 - INFO - Success rate: 100.0%
2025-07-15 20:07:21,232 - INFO - ================================================================================
2025-07-15 20:07:21,232 - INFO - Browser kept open for manual review or further automation
2025-07-15 20:10:19,624 - INFO - Browser initialized with existing profile
2025-07-15 20:10:19,624 - INFO - 
================================================================================
2025-07-15 20:10:19,624 - INFO - Processing signup 1/1
2025-07-15 20:10:19,624 - INFO - ================================================================================
2025-07-15 20:10:19,624 - INFO - Starting Workday signup automation for: https://horizonmedia.wd1.myworkdayjobs.com/CareerOpportunities/job/New-York-New-York/Data-Engineer-II_R0016008?sid=16&source=Linkedin
2025-07-15 20:10:19,727 - INFO - Navigating to: https://horizonmedia.wd1.myworkdayjobs.com/CareerOpportunities/job/New-York-New-York/Data-Engineer-II_R0016008?sid=16&source=Linkedin
2025-07-15 20:10:23,209 - INFO - Looking for 'Apply Now' button...
2025-07-15 20:10:23,236 - INFO - Found 'Apply Now' button: a:has-text("Apply")
2025-07-15 20:10:23,855 - INFO - ✅ 'Apply Now' button clicked!
2025-07-15 20:10:27,307 - INFO - ✅ Clicked 'Apply Manually' on Workday modal
2025-07-15 20:10:28,788 - INFO - ✅ Signup form detected
2025-07-15 20:10:28,794 - INFO - ✅ Already signed in - past signup page
2025-07-15 20:10:28,794 - INFO - ✅ Already signed in after Apply Now - ready for application!
2025-07-15 20:10:28,794 - INFO - Signup complete - page ready for application automation
2025-07-15 20:10:28,794 - INFO - ✅ Signup successful for job 1
2025-07-15 20:10:28,794 - INFO - 
================================================================================
2025-07-15 20:10:28,794 - INFO - 🎉 SIGNUP AUTOMATION COMPLETE
2025-07-15 20:10:28,794 - INFO - ================================================================================
2025-07-15 20:10:28,794 - INFO - Total jobs: 1
2025-07-15 20:10:28,794 - INFO - Successful signups: 1
2025-07-15 20:10:28,794 - INFO - Failed signups: 0
2025-07-15 20:10:28,794 - INFO - Success rate: 100.0%
2025-07-15 20:10:28,794 - INFO - ================================================================================
2025-07-15 20:10:28,794 - INFO - Browser kept open for manual review or further automation
2025-07-16 18:08:05,739 - INFO - Browser initialized with existing profile
2025-07-16 18:08:05,740 - INFO - 
================================================================================
2025-07-16 18:08:05,740 - INFO - Processing signup 1/1
2025-07-16 18:08:05,740 - INFO - ================================================================================
2025-07-16 18:08:05,740 - INFO - Starting Workday signup automation for: https://horizonmedia.wd1.myworkdayjobs.com/CareerOpportunities/job/New-York-New-York/Data-Engineer-II_R0016008?sid=16&source=Linkedin
2025-07-16 18:08:05,822 - INFO - Navigating to: https://horizonmedia.wd1.myworkdayjobs.com/CareerOpportunities/job/New-York-New-York/Data-Engineer-II_R0016008?sid=16&source=Linkedin
2025-07-16 18:08:09,329 - INFO - Looking for 'Apply Now' button...
2025-07-16 18:08:09,365 - INFO - Found 'Apply Now' button: a:has-text("Apply")
2025-07-16 18:08:10,009 - INFO - ✅ 'Apply Now' button clicked!
2025-07-16 18:08:13,393 - INFO - ✅ Clicked 'Apply Manually' on Workday modal
2025-07-16 18:08:15,227 - INFO - ✅ Signup form detected
2025-07-16 18:08:15,257 - INFO - ✅ Already signed in - past signup page
2025-07-16 18:08:15,257 - INFO - ✅ Already signed in after Apply Now - ready for application!
2025-07-16 18:08:15,257 - INFO - Signup complete - page ready for application automation
2025-07-16 18:08:15,257 - INFO - ✅ Signup successful for job 1
2025-07-16 18:08:15,257 - INFO - 
================================================================================
2025-07-16 18:08:15,257 - INFO - 🎉 SIGNUP AUTOMATION COMPLETE
2025-07-16 18:08:15,257 - INFO - ================================================================================
2025-07-16 18:08:15,257 - INFO - Total jobs: 1
2025-07-16 18:08:15,257 - INFO - Successful signups: 1
2025-07-16 18:08:15,257 - INFO - Failed signups: 0
2025-07-16 18:08:15,258 - INFO - Success rate: 100.0%
2025-07-16 18:08:15,258 - INFO - ================================================================================
2025-07-16 18:08:15,258 - INFO - Browser kept open for manual review or further automation
2025-07-16 18:14:51,530 - INFO - Browser initialized with existing profile
2025-07-16 18:14:51,531 - INFO - 
================================================================================
2025-07-16 18:14:51,532 - INFO - Processing signup 1/1
2025-07-16 18:14:51,532 - INFO - ================================================================================
2025-07-16 18:14:51,532 - INFO - Starting Workday signup automation for: https://horizonmedia.wd1.myworkdayjobs.com/CareerOpportunities/job/New-York-New-York/Data-Engineer-II_R0016008?sid=16&source=Linkedin
2025-07-16 18:14:51,635 - INFO - Navigating to: https://horizonmedia.wd1.myworkdayjobs.com/CareerOpportunities/job/New-York-New-York/Data-Engineer-II_R0016008?sid=16&source=Linkedin
2025-07-16 18:14:55,139 - INFO - Looking for 'Apply Now' button...
2025-07-16 18:14:55,164 - INFO - Found 'Apply Now' button: a:has-text("Apply")
2025-07-16 18:14:55,816 - INFO - ✅ 'Apply Now' button clicked!
2025-07-16 18:14:59,183 - INFO - ✅ Clicked 'Apply Manually' on Workday modal
2025-07-16 18:15:01,186 - INFO - 🧭 Switched to new signup page: https://horizonmedia.wd1.myworkdayjobs.com/en-US/CareerOpportunities/job/New-York%2C-New-York/Data-Engineer-II_R0016008/apply/applyManually?sid=16&source=Linkedin
2025-07-16 18:15:01,213 - INFO - ✅ Signup form detected
2025-07-16 18:15:01,222 - INFO - ✅ Already signed in - past signup page
2025-07-16 18:15:01,222 - INFO - ✅ Already signed in after Apply Now - ready for application!
2025-07-16 18:15:01,222 - INFO - Signup complete - page ready for application automation
2025-07-16 18:15:01,222 - INFO - ✅ Signup successful for job 1
2025-07-16 18:15:01,222 - INFO - 
================================================================================
2025-07-16 18:15:01,222 - INFO - 🎉 SIGNUP AUTOMATION COMPLETE
2025-07-16 18:15:01,222 - INFO - ================================================================================
2025-07-16 18:15:01,222 - INFO - Total jobs: 1
2025-07-16 18:15:01,222 - INFO - Successful signups: 1
2025-07-16 18:15:01,222 - INFO - Failed signups: 0
2025-07-16 18:15:01,222 - INFO - Success rate: 100.0%
2025-07-16 18:15:01,222 - INFO - ================================================================================
2025-07-16 18:15:01,222 - INFO - Browser kept open for manual review or further automation
2025-07-16 18:15:43,260 - INFO - Browser initialized with existing profile
2025-07-16 18:15:43,264 - INFO - 
================================================================================
2025-07-16 18:15:43,264 - INFO - Processing signup 1/1
2025-07-16 18:15:43,264 - INFO - ================================================================================
2025-07-16 18:15:43,264 - INFO - Starting Workday signup automation for: https://horizonmedia.wd1.myworkdayjobs.com/CareerOpportunities/job/New-York-New-York/Data-Engineer-II_R0016008?sid=16&source=Linkedin
2025-07-16 18:15:43,367 - INFO - Navigating to: https://horizonmedia.wd1.myworkdayjobs.com/CareerOpportunities/job/New-York-New-York/Data-Engineer-II_R0016008?sid=16&source=Linkedin
2025-07-16 18:15:49,903 - INFO - Looking for 'Apply Now' button...
2025-07-16 18:15:49,932 - INFO - Found 'Apply Now' button: a:has-text("Apply")
2025-07-16 18:15:50,584 - INFO - ✅ 'Apply Now' button clicked!
2025-07-16 18:15:53,938 - INFO - ✅ Clicked 'Apply Manually' on Workday modal
2025-07-16 18:15:55,940 - INFO - 🧭 Switched to new signup page: https://horizonmedia.wd1.myworkdayjobs.com/en-US/CareerOpportunities/job/New-York%2C-New-York/Data-Engineer-II_R0016008/apply/applyManually?sid=16&source=Linkedin
2025-07-16 18:15:55,966 - INFO - ✅ Signup form detected
2025-07-16 18:16:05,993 - INFO - ✅ Already signed in - past signup page
2025-07-16 18:16:05,994 - INFO - ✅ Already signed in after Apply Now - ready for application!
2025-07-16 18:16:05,994 - INFO - Signup complete - page ready for application automation
2025-07-16 18:16:05,994 - INFO - ✅ Signup successful for job 1
2025-07-16 18:16:05,994 - INFO - 
================================================================================
2025-07-16 18:16:05,994 - INFO - 🎉 SIGNUP AUTOMATION COMPLETE
2025-07-16 18:16:05,994 - INFO - ================================================================================
2025-07-16 18:16:05,994 - INFO - Total jobs: 1
2025-07-16 18:16:05,994 - INFO - Successful signups: 1
2025-07-16 18:16:05,994 - INFO - Failed signups: 0
2025-07-16 18:16:05,995 - INFO - Success rate: 100.0%
2025-07-16 18:16:05,995 - INFO - ================================================================================
2025-07-16 18:16:05,995 - INFO - Browser kept open for manual review or further automation
2025-07-16 18:19:06,194 - INFO - Browser initialized with existing profile
2025-07-16 18:19:06,196 - INFO - 
================================================================================
2025-07-16 18:19:06,196 - INFO - Processing signup 1/1
2025-07-16 18:19:06,196 - INFO - ================================================================================
2025-07-16 18:19:06,196 - INFO - Starting Workday signup automation for: https://horizonmedia.wd1.myworkdayjobs.com/CareerOpportunities/job/New-York-New-York/Data-Engineer-II_R0016008?sid=16&source=Linkedin
2025-07-16 18:19:06,289 - INFO - Navigating to: https://horizonmedia.wd1.myworkdayjobs.com/CareerOpportunities/job/New-York-New-York/Data-Engineer-II_R0016008?sid=16&source=Linkedin
2025-07-16 18:19:09,774 - INFO - Looking for 'Apply Now' button...
2025-07-16 18:19:09,802 - INFO - Found 'Apply Now' button: a:has-text("Apply")
2025-07-16 18:19:10,429 - INFO - ✅ 'Apply Now' button clicked!
2025-07-16 18:19:13,836 - INFO - ✅ Clicked 'Apply Manually' on Workday modal
2025-07-16 18:19:15,837 - INFO - 🧭 Switched to new signup page: https://horizonmedia.wd1.myworkdayjobs.com/en-US/CareerOpportunities/job/New-York%2C-New-York/Data-Engineer-II_R0016008/apply/applyManually?sid=16&source=Linkedin
2025-07-16 18:19:15,863 - INFO - ✅ Signup form detected
2025-07-16 18:19:25,887 - INFO - ✅ Already signed in - past signup page
2025-07-16 18:19:25,888 - INFO - ✅ Already signed in after Apply Now - ready for application!
2025-07-16 18:19:25,888 - INFO - Signup complete - page ready for application automation
2025-07-16 18:19:25,888 - INFO - ✅ Signup successful for job 1
2025-07-16 18:19:25,888 - INFO - 
================================================================================
2025-07-16 18:19:25,888 - INFO - 🎉 SIGNUP AUTOMATION COMPLETE
2025-07-16 18:19:25,888 - INFO - ================================================================================
2025-07-16 18:19:25,888 - INFO - Total jobs: 1
2025-07-16 18:19:25,888 - INFO - Successful signups: 1
2025-07-16 18:19:25,888 - INFO - Failed signups: 0
2025-07-16 18:19:25,888 - INFO - Success rate: 100.0%
2025-07-16 18:19:25,888 - INFO - ================================================================================
2025-07-16 18:19:25,888 - INFO - Browser kept open for manual review or further automation
2025-07-16 18:22:19,755 - INFO - Browser initialized with existing profile
2025-07-16 18:22:19,755 - INFO - 
================================================================================
2025-07-16 18:22:19,755 - INFO - Processing signup 1/1
2025-07-16 18:22:19,755 - INFO - ================================================================================
2025-07-16 18:22:19,755 - INFO - Starting Workday signup automation for: https://horizonmedia.wd1.myworkdayjobs.com/CareerOpportunities/job/New-York-New-York/Data-Engineer-II_R0016008?sid=16&source=Linkedin
2025-07-16 18:22:19,842 - INFO - Navigating to: https://horizonmedia.wd1.myworkdayjobs.com/CareerOpportunities/job/New-York-New-York/Data-Engineer-II_R0016008?sid=16&source=Linkedin
2025-07-16 18:22:23,249 - INFO - Looking for 'Apply Now' button...
2025-07-16 18:22:23,303 - INFO - Found 'Apply Now' button: a:has-text("Apply")
2025-07-16 18:22:23,965 - INFO - ✅ 'Apply Now' button clicked!
2025-07-16 18:22:27,379 - INFO - ✅ Clicked 'Apply Manually' on Workday modal
2025-07-16 18:22:29,382 - INFO - 🧭 Switched to new signup page: https://horizonmedia.wd1.myworkdayjobs.com/en-US/CareerOpportunities/job/New-York%2C-New-York/Data-Engineer-II_R0016008/apply/applyManually?sid=16&source=Linkedin
2025-07-16 18:22:29,410 - INFO - ✅ Signup form detected
2025-07-16 18:22:39,432 - INFO - ✅ Already signed in - past signup page
2025-07-16 18:22:39,433 - INFO - ✅ Already signed in after Apply Now - ready for application!
2025-07-16 18:22:39,433 - INFO - Signup complete - page ready for application automation
2025-07-16 18:22:39,433 - INFO - ✅ Signup successful for job 1
2025-07-16 18:22:39,433 - INFO - 
================================================================================
2025-07-16 18:22:39,433 - INFO - 🎉 SIGNUP AUTOMATION COMPLETE
2025-07-16 18:22:39,433 - INFO - ================================================================================
2025-07-16 18:22:39,433 - INFO - Total jobs: 1
2025-07-16 18:22:39,433 - INFO - Successful signups: 1
2025-07-16 18:22:39,433 - INFO - Failed signups: 0
2025-07-16 18:22:39,434 - INFO - Success rate: 100.0%
2025-07-16 18:22:39,434 - INFO - ================================================================================
2025-07-16 18:22:39,434 - INFO - Browser kept open for manual review or further automation
